d:\upf\4t\3trim\jocselectronics\tje2d-master\visual\visual\release\vc142.pdb
d:\upf\4t\3trim\jocselectronics\tje2d-master\visual\visual\release\utils.obj
d:\upf\4t\3trim\jocselectronics\tje2d-master\visual\visual\release\synth.obj
d:\upf\4t\3trim\jocselectronics\tje2d-master\visual\visual\release\stage.obj
d:\upf\4t\3trim\jocselectronics\tje2d-master\visual\visual\release\player.obj
d:\upf\4t\3trim\jocselectronics\tje2d-master\visual\visual\release\main.obj
d:\upf\4t\3trim\jocselectronics\tje2d-master\visual\visual\release\input.obj
d:\upf\4t\3trim\jocselectronics\tje2d-master\visual\visual\release\image.obj
d:\upf\4t\3trim\jocselectronics\tje2d-master\visual\visual\release\gamemap.obj
d:\upf\4t\3trim\jocselectronics\tje2d-master\visual\visual\release\game.obj
d:\upf\4t\3trim\jocselectronics\tje2d-master\visual\visual\release\framework.obj
d:\upf\4t\3trim\jocselectronics\tje2d-master\visual\release\game.ipdb
d:\upf\4t\3trim\jocselectronics\tje2d-master\visual\release\game.iobj
d:\upf\4t\3trim\jocselectronics\tje2d-master\visual\release\game.exe
d:\upf\4t\3trim\jocselectronics\tje2d-master\visual\release\game.pdb
d:\upf\4t\3trim\jocselectronics\tje2d-master\visual\visual\release\game.tlog\cl.command.1.tlog
d:\upf\4t\3trim\jocselectronics\tje2d-master\visual\visual\release\game.tlog\cl.read.1.tlog
d:\upf\4t\3trim\jocselectronics\tje2d-master\visual\visual\release\game.tlog\cl.write.1.tlog
d:\upf\4t\3trim\jocselectronics\tje2d-master\visual\visual\release\game.tlog\game.write.1u.tlog
d:\upf\4t\3trim\jocselectronics\tje2d-master\visual\visual\release\game.tlog\link.command.1.tlog
d:\upf\4t\3trim\jocselectronics\tje2d-master\visual\visual\release\game.tlog\link.delete.1.tlog
d:\upf\4t\3trim\jocselectronics\tje2d-master\visual\visual\release\game.tlog\link.read.1.tlog
d:\upf\4t\3trim\jocselectronics\tje2d-master\visual\visual\release\game.tlog\link.write.1.tlog
